<?xml version="1.0" encoding="UTF-8"?>
<testsuite xmlns:xsi="http://www.w3.org/2001/XMLSchema-instance" xsi:noNamespaceSchemaLocation="https://maven.apache.org/surefire/maven-surefire-plugin/xsd/surefire-test-report-3.0.xsd" version="3.0" name="runner.TestRunner" time="16.497" tests="1" errors="0" skipped="0" failures="0">
  <properties>
[...]
</properties>
  <testcase name="Verify if product features are visible for second highest priced Samsung TV" classname="Test amazon product page" time="12.596">
    <system-out><![CDATA[
@smoketest
Scenario: Verify if product features are visible for second highest priced Samsung TV # src/test/resources/features/Amazon.feature:4
Online Shopping site in India: Shop Online for Mobiles, Books, Watches, Shoes and More - Amazon.in
  Given I open the URL                                                                # StepDef.HomeStepDef.i_open_the_url()
  When I click on Search input box                                                    # StepDef.HomeStepDef.i_click_on_search_input_box()
  And I search for item                                                               # StepDef.HomeStepDef.i_search_for_item()
  And I click on second item link                                                     # StepDef.ProductStepDef.i_click_on_second_item_link()
  When I click on Add to Cart button                                                  # StepDef.ProductStepDef.i_click_on_add_to_cart_button()

Added to Cart

  Then TV should be added in the cart                                                 # StepDef.ProductStepDef.tv_should_be_added_in_the_cart()
]]></system-out>
  </testcase>
</testsuite>